[14:00:34.318] Global cache location '/Users/luis/Library/Caches/typescript/4.8', safe file path '/users/luis/code/projects/memory_meds/node_modules/typescript/lib/typingsafelist.json', types map path /users/luis/code/projects/memory_meds/node_modules/typescript/lib/typesmap.json
[14:00:34.320] Processing cache location '/Users/luis/Library/Caches/typescript/4.8'
[14:00:34.320] Trying to find '/Users/luis/Library/Caches/typescript/4.8/package.json'...
[14:00:34.320] Finished processing cache location '/Users/luis/Library/Caches/typescript/4.8'
[14:00:34.320] Process id: 69167
[14:00:34.320] NPM location: /opt/homebrew/Cellar/node/18.8.0_1/bin/npm (explicit '--npmLocation' not  provided)
[14:00:34.321] validateDefaultNpmLocation: false
[14:00:34.321] Npm config file: /Users/luis/Library/Caches/typescript/4.8/package.json
[14:00:34.321] Npm config file: '/Users/luis/Library/Caches/typescript/4.8/package.json' is missing, creating new one...
[14:00:34.321] Updating types-registry npm package...
[14:00:34.322] Exec: /opt/homebrew/Cellar/node/18.8.0_1/bin/npm install --ignore-scripts types-registry@latest
[14:00:34.330]     Failed. stdout:
    stderr:
    /bin/sh: /opt/homebrew/Cellar/node/18.8.0_1/bin/npm: No such file or directory
    
[14:00:34.330] Updated types-registry npm package
[14:00:34.331] Types registry file '/Users/luis/Library/Caches/typescript/4.8/node_modules/types-registry/index.json' does not exist
[14:00:35.083] Got install request {"projectName":"/dev/null/inferredProject1*","fileNames":["/Users/luis/Code/Projects/memory_meds/node_modules/typescript/lib/lib.es5.d.ts","/Users/luis/Code/Projects/memory_meds/node_modules/typescript/lib/lib.es2015.d.ts","/Users/luis/Code/Projects/memory_meds/node_modules/typescript/lib/lib.es2016.d.ts","/Users/luis/Code/Projects/memory_meds/node_modules/typescript/lib/lib.dom.d.ts","/Users/luis/Code/Projects/memory_meds/node_modules/typescript/lib/lib.dom.iterable.d.ts","/Users/luis/Code/Projects/memory_meds/node_modules/typescript/lib/lib.webworker.importscripts.d.ts","/Users/luis/Code/Projects/memory_meds/node_modules/typescript/lib/lib.scripthost.d.ts","/Users/luis/Code/Projects/memory_meds/node_modules/typescript/lib/lib.es2015.core.d.ts","/Users/luis/Code/Projects/memory_meds/node_modules/typescript/lib/lib.es2015.collection.d.ts","/Users/luis/Code/Projects/memory_meds/node_modules/typescript/lib/lib.es2015.generator.d.ts","/Users/luis/Code/Projects/memory_meds/node_modules/typescript/lib/lib.es2015.iterable.d.ts","/Users/luis/Code/Projects/memory_meds/node_modules/typescript/lib/lib.es2015.promise.d.ts","/Users/luis/Code/Projects/memory_meds/node_modules/typescript/lib/lib.es2015.proxy.d.ts","/Users/luis/Code/Projects/memory_meds/node_modules/typescript/lib/lib.es2015.reflect.d.ts","/Users/luis/Code/Projects/memory_meds/node_modules/typescript/lib/lib.es2015.symbol.d.ts","/Users/luis/Code/Projects/memory_meds/node_modules/typescript/lib/lib.es2015.symbol.wellknown.d.ts","/Users/luis/Code/Projects/memory_meds/node_modules/typescript/lib/lib.es2016.array.include.d.ts","/Users/luis/Code/Projects/memory_meds/node_modules/typescript/lib/lib.es2016.full.d.ts","/Users/luis/Code/Projects/memory_meds/src/App.js"],"compilerOptions":{"module":1,"target":3,"jsx":1,"allowJs":true,"allowSyntheticDefaultImports":true,"allowNonTsExtensions":true,"noEmitForJsFiles":true,"maxNodeModuleJsDepth":2},"typeAcquisition":{"enable":true,"include":[],"exclude":[]},"unresolvedImports":[],"projectRootPath":"/Users/luis/Code/Projects/memory_meds/src","kind":"discover"}
[14:00:35.096] Loaded safelist from types map file '/users/luis/code/projects/memory_meds/node_modules/typescript/lib/typesmap.json'
[14:00:35.096] Explicitly included types: []
[14:00:35.096] Inferred typings from unresolved imports: []
[14:00:35.096] Result: {"cachedTypingPaths":[],"newTypingNames":[],"filesToWatch":["/Users/luis/Code/Projects/memory_meds/src/bower_components","/Users/luis/Code/Projects/memory_meds/src/node_modules"]}
[14:00:35.096] Finished typings discovery: {"cachedTypingPaths":[],"newTypingNames":[],"filesToWatch":["/Users/luis/Code/Projects/memory_meds/src/bower_components","/Users/luis/Code/Projects/memory_meds/src/node_modules"]}
[14:00:35.097] DirectoryWatcher:: Added:: WatchInfo: /Users/luis/Code/Projects/memory_meds/src/bower_components
[14:00:35.097] DirectoryWatcher:: Added:: WatchInfo: /Users/luis/Code/Projects/memory_meds/src/bower_components 1 undefined Project: /dev/null/inferredProject1* watcher already invoked: false
[14:00:35.097] Elapsed:: 0.3915421962738037ms DirectoryWatcher:: Added:: WatchInfo: /Users/luis/Code/Projects/memory_meds/src/bower_components 1 undefined Project: /dev/null/inferredProject1* watcher already invoked: false
[14:00:35.097] DirectoryWatcher:: Added:: WatchInfo: /Users/luis/Code/Projects/memory_meds/src/node_modules
[14:00:35.098] DirectoryWatcher:: Added:: WatchInfo: /Users/luis/Code/Projects/memory_meds/src/node_modules 1 undefined Project: /dev/null/inferredProject1* watcher already invoked: false
[14:00:35.098] Elapsed:: 0.04062509536743164ms DirectoryWatcher:: Added:: WatchInfo: /Users/luis/Code/Projects/memory_meds/src/node_modules 1 undefined Project: /dev/null/inferredProject1* watcher already invoked: false
[14:00:35.098] Sending response:
    {"projectName":"/dev/null/inferredProject1*","typeAcquisition":{"enable":true,"include":[],"exclude":[]},"compilerOptions":{"module":1,"target":3,"jsx":1,"allowJs":true,"allowSyntheticDefaultImports":true,"allowNonTsExtensions":true,"noEmitForJsFiles":true,"maxNodeModuleJsDepth":2},"typings":[],"unresolvedImports":[],"kind":"action::set"}
[14:00:35.098] Response has been sent.
[14:00:35.098] No new typings were requested as a result of typings discovery
[14:01:09.037] Got install request {"projectName":"/dev/null/inferredProject2*","fileNames":["/Users/luis/Code/Projects/memory_meds/node_modules/typescript/lib/lib.es5.d.ts","/Users/luis/Code/Projects/memory_meds/node_modules/typescript/lib/lib.es2015.d.ts","/Users/luis/Code/Projects/memory_meds/node_modules/typescript/lib/lib.es2016.d.ts","/Users/luis/Code/Projects/memory_meds/node_modules/typescript/lib/lib.dom.d.ts","/Users/luis/Code/Projects/memory_meds/node_modules/typescript/lib/lib.dom.iterable.d.ts","/Users/luis/Code/Projects/memory_meds/node_modules/typescript/lib/lib.webworker.importscripts.d.ts","/Users/luis/Code/Projects/memory_meds/node_modules/typescript/lib/lib.scripthost.d.ts","/Users/luis/Code/Projects/memory_meds/node_modules/typescript/lib/lib.es2015.core.d.ts","/Users/luis/Code/Projects/memory_meds/node_modules/typescript/lib/lib.es2015.collection.d.ts","/Users/luis/Code/Projects/memory_meds/node_modules/typescript/lib/lib.es2015.generator.d.ts","/Users/luis/Code/Projects/memory_meds/node_modules/typescript/lib/lib.es2015.iterable.d.ts","/Users/luis/Code/Projects/memory_meds/node_modules/typescript/lib/lib.es2015.promise.d.ts","/Users/luis/Code/Projects/memory_meds/node_modules/typescript/lib/lib.es2015.proxy.d.ts","/Users/luis/Code/Projects/memory_meds/node_modules/typescript/lib/lib.es2015.reflect.d.ts","/Users/luis/Code/Projects/memory_meds/node_modules/typescript/lib/lib.es2015.symbol.d.ts","/Users/luis/Code/Projects/memory_meds/node_modules/typescript/lib/lib.es2015.symbol.wellknown.d.ts","/Users/luis/Code/Projects/memory_meds/node_modules/typescript/lib/lib.es2016.array.include.d.ts","/Users/luis/Code/Projects/memory_meds/node_modules/typescript/lib/lib.es2016.full.d.ts","/Users/luis/Code/Projects/memory_meds/src/App.js","/Users/luis/Code/Projects/memory_meds/src/reportWebVitals.js","/Users/luis/Code/Projects/memory_meds/src/index.js"],"compilerOptions":{"module":1,"target":3,"jsx":1,"allowJs":true,"allowSyntheticDefaultImports":true,"allowNonTsExtensions":true,"noEmitForJsFiles":true,"maxNodeModuleJsDepth":2},"typeAcquisition":{"enable":true,"include":[],"exclude":[]},"unresolvedImports":[],"projectRootPath":"/Users/luis/Code/Projects/memory_meds/src","kind":"discover"}
[14:01:09.038] Explicitly included types: []
[14:01:09.039] Inferred typings from unresolved imports: []
[14:01:09.039] Result: {"cachedTypingPaths":[],"newTypingNames":[],"filesToWatch":["/Users/luis/Code/Projects/memory_meds/src/bower_components","/Users/luis/Code/Projects/memory_meds/src/node_modules"]}
[14:01:09.039] Finished typings discovery: {"cachedTypingPaths":[],"newTypingNames":[],"filesToWatch":["/Users/luis/Code/Projects/memory_meds/src/bower_components","/Users/luis/Code/Projects/memory_meds/src/node_modules"]}
[14:01:09.039] DirectoryWatcher:: Added:: WatchInfo: /Users/luis/Code/Projects/memory_meds/src/bower_components
[14:01:09.039] DirectoryWatcher:: Added:: WatchInfo: /Users/luis/Code/Projects/memory_meds/src/bower_components 1 undefined Project: /dev/null/inferredProject2* watcher already invoked: false
[14:01:09.039] Elapsed:: 0.1041250228881836ms DirectoryWatcher:: Added:: WatchInfo: /Users/luis/Code/Projects/memory_meds/src/bower_components 1 undefined Project: /dev/null/inferredProject2* watcher already invoked: false
[14:01:09.040] DirectoryWatcher:: Added:: WatchInfo: /Users/luis/Code/Projects/memory_meds/src/node_modules
[14:01:09.040] DirectoryWatcher:: Added:: WatchInfo: /Users/luis/Code/Projects/memory_meds/src/node_modules 1 undefined Project: /dev/null/inferredProject2* watcher already invoked: false
[14:01:09.040] Elapsed:: 0.02929210662841797ms DirectoryWatcher:: Added:: WatchInfo: /Users/luis/Code/Projects/memory_meds/src/node_modules 1 undefined Project: /dev/null/inferredProject2* watcher already invoked: false
[14:01:09.040] Sending response:
    {"projectName":"/dev/null/inferredProject2*","typeAcquisition":{"enable":true,"include":[],"exclude":[]},"compilerOptions":{"module":1,"target":3,"jsx":1,"allowJs":true,"allowSyntheticDefaultImports":true,"allowNonTsExtensions":true,"noEmitForJsFiles":true,"maxNodeModuleJsDepth":2},"typings":[],"unresolvedImports":[],"kind":"action::set"}
[14:01:09.040] Response has been sent.
[14:01:09.040] No new typings were requested as a result of typings discovery
[14:01:33.181] Got install request {"projectName":"/dev/null/inferredProject3*","fileNames":["/Users/luis/Code/Projects/memory_meds/node_modules/typescript/lib/lib.es5.d.ts","/Users/luis/Code/Projects/memory_meds/node_modules/typescript/lib/lib.es2015.d.ts","/Users/luis/Code/Projects/memory_meds/node_modules/typescript/lib/lib.es2016.d.ts","/Users/luis/Code/Projects/memory_meds/node_modules/typescript/lib/lib.dom.d.ts","/Users/luis/Code/Projects/memory_meds/node_modules/typescript/lib/lib.dom.iterable.d.ts","/Users/luis/Code/Projects/memory_meds/node_modules/typescript/lib/lib.webworker.importscripts.d.ts","/Users/luis/Code/Projects/memory_meds/node_modules/typescript/lib/lib.scripthost.d.ts","/Users/luis/Code/Projects/memory_meds/node_modules/typescript/lib/lib.es2015.core.d.ts","/Users/luis/Code/Projects/memory_meds/node_modules/typescript/lib/lib.es2015.collection.d.ts","/Users/luis/Code/Projects/memory_meds/node_modules/typescript/lib/lib.es2015.generator.d.ts","/Users/luis/Code/Projects/memory_meds/node_modules/typescript/lib/lib.es2015.iterable.d.ts","/Users/luis/Code/Projects/memory_meds/node_modules/typescript/lib/lib.es2015.promise.d.ts","/Users/luis/Code/Projects/memory_meds/node_modules/typescript/lib/lib.es2015.proxy.d.ts","/Users/luis/Code/Projects/memory_meds/node_modules/typescript/lib/lib.es2015.reflect.d.ts","/Users/luis/Code/Projects/memory_meds/node_modules/typescript/lib/lib.es2015.symbol.d.ts","/Users/luis/Code/Projects/memory_meds/node_modules/typescript/lib/lib.es2015.symbol.wellknown.d.ts","/Users/luis/Code/Projects/memory_meds/node_modules/typescript/lib/lib.es2016.array.include.d.ts","/Users/luis/Code/Projects/memory_meds/node_modules/typescript/lib/lib.es2016.full.d.ts","/Users/luis/Code/Projects/memory_meds/src/setupTests.js"],"compilerOptions":{"module":1,"target":3,"jsx":1,"allowJs":true,"allowSyntheticDefaultImports":true,"allowNonTsExtensions":true,"noEmitForJsFiles":true,"maxNodeModuleJsDepth":2},"typeAcquisition":{"enable":true,"include":[],"exclude":[]},"unresolvedImports":[],"projectRootPath":"/Users/luis/Code/Projects/memory_meds/src","kind":"discover"}
[14:01:33.182] Explicitly included types: []
[14:01:33.182] Inferred typings from unresolved imports: []
[14:01:33.182] Result: {"cachedTypingPaths":[],"newTypingNames":[],"filesToWatch":["/Users/luis/Code/Projects/memory_meds/src/bower_components","/Users/luis/Code/Projects/memory_meds/src/node_modules"]}
[14:01:33.182] Finished typings discovery: {"cachedTypingPaths":[],"newTypingNames":[],"filesToWatch":["/Users/luis/Code/Projects/memory_meds/src/bower_components","/Users/luis/Code/Projects/memory_meds/src/node_modules"]}
[14:01:33.183] DirectoryWatcher:: Added:: WatchInfo: /Users/luis/Code/Projects/memory_meds/src/bower_components
[14:01:33.183] DirectoryWatcher:: Added:: WatchInfo: /Users/luis/Code/Projects/memory_meds/src/bower_components 1 undefined Project: /dev/null/inferredProject3* watcher already invoked: false
[14:01:33.183] Elapsed:: 0.07104110717773438ms DirectoryWatcher:: Added:: WatchInfo: /Users/luis/Code/Projects/memory_meds/src/bower_components 1 undefined Project: /dev/null/inferredProject3* watcher already invoked: false
[14:01:33.183] DirectoryWatcher:: Added:: WatchInfo: /Users/luis/Code/Projects/memory_meds/src/node_modules
[14:01:33.183] DirectoryWatcher:: Added:: WatchInfo: /Users/luis/Code/Projects/memory_meds/src/node_modules 1 undefined Project: /dev/null/inferredProject3* watcher already invoked: false
[14:01:33.183] Elapsed:: 0.018084049224853516ms DirectoryWatcher:: Added:: WatchInfo: /Users/luis/Code/Projects/memory_meds/src/node_modules 1 undefined Project: /dev/null/inferredProject3* watcher already invoked: false
[14:01:33.183] Sending response:
    {"projectName":"/dev/null/inferredProject3*","typeAcquisition":{"enable":true,"include":[],"exclude":[]},"compilerOptions":{"module":1,"target":3,"jsx":1,"allowJs":true,"allowSyntheticDefaultImports":true,"allowNonTsExtensions":true,"noEmitForJsFiles":true,"maxNodeModuleJsDepth":2},"typings":[],"unresolvedImports":[],"kind":"action::set"}
[14:01:33.184] Response has been sent.
[14:01:33.184] No new typings were requested as a result of typings discovery
[17:05:14.348] Got install request {"projectName":"/dev/null/inferredProject2*","fileNames":["/Users/luis/Code/Projects/memory_meds/node_modules/typescript/lib/lib.es5.d.ts","/Users/luis/Code/Projects/memory_meds/node_modules/typescript/lib/lib.es2015.d.ts","/Users/luis/Code/Projects/memory_meds/node_modules/typescript/lib/lib.es2016.d.ts","/Users/luis/Code/Projects/memory_meds/node_modules/typescript/lib/lib.dom.d.ts","/Users/luis/Code/Projects/memory_meds/node_modules/typescript/lib/lib.dom.iterable.d.ts","/Users/luis/Code/Projects/memory_meds/node_modules/typescript/lib/lib.webworker.importscripts.d.ts","/Users/luis/Code/Projects/memory_meds/node_modules/typescript/lib/lib.scripthost.d.ts","/Users/luis/Code/Projects/memory_meds/node_modules/typescript/lib/lib.es2015.core.d.ts","/Users/luis/Code/Projects/memory_meds/node_modules/typescript/lib/lib.es2015.collection.d.ts","/Users/luis/Code/Projects/memory_meds/node_modules/typescript/lib/lib.es2015.generator.d.ts","/Users/luis/Code/Projects/memory_meds/node_modules/typescript/lib/lib.es2015.iterable.d.ts","/Users/luis/Code/Projects/memory_meds/node_modules/typescript/lib/lib.es2015.promise.d.ts","/Users/luis/Code/Projects/memory_meds/node_modules/typescript/lib/lib.es2015.proxy.d.ts","/Users/luis/Code/Projects/memory_meds/node_modules/typescript/lib/lib.es2015.reflect.d.ts","/Users/luis/Code/Projects/memory_meds/node_modules/typescript/lib/lib.es2015.symbol.d.ts","/Users/luis/Code/Projects/memory_meds/node_modules/typescript/lib/lib.es2015.symbol.wellknown.d.ts","/Users/luis/Code/Projects/memory_meds/node_modules/typescript/lib/lib.es2016.array.include.d.ts","/Users/luis/Code/Projects/memory_meds/node_modules/typescript/lib/lib.es2016.full.d.ts","/Users/luis/Code/Projects/memory_meds/src/App.js","/Users/luis/Code/Projects/memory_meds/src/reportWebVitals.js","/Users/luis/Code/Projects/memory_meds/src/index.js"],"compilerOptions":{"module":1,"target":3,"jsx":1,"allowJs":true,"allowSyntheticDefaultImports":true,"allowNonTsExtensions":true,"noEmitForJsFiles":true,"maxNodeModuleJsDepth":2},"typeAcquisition":{"enable":true,"include":[],"exclude":[]},"unresolvedImports":["th."],"projectRootPath":"/Users/luis/Code/Projects/memory_meds/src","kind":"discover"}
[17:05:14.354] Explicitly included types: []
[17:05:14.356] Inferred typings from unresolved imports: ["th."]
[17:05:14.357] Result: {"cachedTypingPaths":[],"newTypingNames":["th."],"filesToWatch":["/Users/luis/Code/Projects/memory_meds/src/bower_components","/Users/luis/Code/Projects/memory_meds/src/node_modules"]}
[17:05:14.357] Finished typings discovery: {"cachedTypingPaths":[],"newTypingNames":["th."],"filesToWatch":["/Users/luis/Code/Projects/memory_meds/src/bower_components","/Users/luis/Code/Projects/memory_meds/src/node_modules"]}
[17:05:14.361] Installing typings ["th."]
[17:05:14.363] 'th.':: Entry for package 'th.' does not exist in local types registry - skipping...
[17:05:14.363] All typings are known to be missing or invalid - no need to install more typings
[17:05:14.363] Sending response:
    {"projectName":"/dev/null/inferredProject2*","typeAcquisition":{"enable":true,"include":[],"exclude":[]},"compilerOptions":{"module":1,"target":3,"jsx":1,"allowJs":true,"allowSyntheticDefaultImports":true,"allowNonTsExtensions":true,"noEmitForJsFiles":true,"maxNodeModuleJsDepth":2},"typings":[],"unresolvedImports":["th."],"kind":"action::set"}
[17:05:14.364] Response has been sent.
[17:05:15.118] Got install request {"projectName":"/dev/null/inferredProject2*","fileNames":["/Users/luis/Code/Projects/memory_meds/node_modules/typescript/lib/lib.es5.d.ts","/Users/luis/Code/Projects/memory_meds/node_modules/typescript/lib/lib.es2015.d.ts","/Users/luis/Code/Projects/memory_meds/node_modules/typescript/lib/lib.es2016.d.ts","/Users/luis/Code/Projects/memory_meds/node_modules/typescript/lib/lib.dom.d.ts","/Users/luis/Code/Projects/memory_meds/node_modules/typescript/lib/lib.dom.iterable.d.ts","/Users/luis/Code/Projects/memory_meds/node_modules/typescript/lib/lib.webworker.importscripts.d.ts","/Users/luis/Code/Projects/memory_meds/node_modules/typescript/lib/lib.scripthost.d.ts","/Users/luis/Code/Projects/memory_meds/node_modules/typescript/lib/lib.es2015.core.d.ts","/Users/luis/Code/Projects/memory_meds/node_modules/typescript/lib/lib.es2015.collection.d.ts","/Users/luis/Code/Projects/memory_meds/node_modules/typescript/lib/lib.es2015.generator.d.ts","/Users/luis/Code/Projects/memory_meds/node_modules/typescript/lib/lib.es2015.iterable.d.ts","/Users/luis/Code/Projects/memory_meds/node_modules/typescript/lib/lib.es2015.promise.d.ts","/Users/luis/Code/Projects/memory_meds/node_modules/typescript/lib/lib.es2015.proxy.d.ts","/Users/luis/Code/Projects/memory_meds/node_modules/typescript/lib/lib.es2015.reflect.d.ts","/Users/luis/Code/Projects/memory_meds/node_modules/typescript/lib/lib.es2015.symbol.d.ts","/Users/luis/Code/Projects/memory_meds/node_modules/typescript/lib/lib.es2015.symbol.wellknown.d.ts","/Users/luis/Code/Projects/memory_meds/node_modules/typescript/lib/lib.es2016.array.include.d.ts","/Users/luis/Code/Projects/memory_meds/node_modules/typescript/lib/lib.es2016.full.d.ts","/Users/luis/Code/Projects/memory_meds/src/App.js","/Users/luis/Code/Projects/memory_meds/src/reportWebVitals.js","/Users/luis/Code/Projects/memory_meds/src/index.js"],"compilerOptions":{"module":1,"target":3,"jsx":1,"allowJs":true,"allowSyntheticDefaultImports":true,"allowNonTsExtensions":true,"noEmitForJsFiles":true,"maxNodeModuleJsDepth":2},"typeAcquisition":{"enable":true,"include":[],"exclude":[]},"unresolvedImports":["th.jp"],"projectRootPath":"/Users/luis/Code/Projects/memory_meds/src","kind":"discover"}
[17:05:15.119] Explicitly included types: []
[17:05:15.119] Inferred typings from unresolved imports: ["th.jp"]
[17:05:15.120] Result: {"cachedTypingPaths":[],"newTypingNames":["th.jp"],"filesToWatch":["/Users/luis/Code/Projects/memory_meds/src/bower_components","/Users/luis/Code/Projects/memory_meds/src/node_modules"]}
[17:05:15.120] Finished typings discovery: {"cachedTypingPaths":[],"newTypingNames":["th.jp"],"filesToWatch":["/Users/luis/Code/Projects/memory_meds/src/bower_components","/Users/luis/Code/Projects/memory_meds/src/node_modules"]}
[17:05:15.120] Installing typings ["th.jp"]
[17:05:15.121] 'th.jp':: Entry for package 'th.jp' does not exist in local types registry - skipping...
[17:05:15.121] All typings are known to be missing or invalid - no need to install more typings
[17:05:15.121] Sending response:
    {"projectName":"/dev/null/inferredProject2*","typeAcquisition":{"enable":true,"include":[],"exclude":[]},"compilerOptions":{"module":1,"target":3,"jsx":1,"allowJs":true,"allowSyntheticDefaultImports":true,"allowNonTsExtensions":true,"noEmitForJsFiles":true,"maxNodeModuleJsDepth":2},"typings":[],"unresolvedImports":["th.jp"],"kind":"action::set"}
[17:05:15.121] Response has been sent.
[17:05:16.943] Got install request {"projectName":"/dev/null/inferredProject2*","fileNames":["/Users/luis/Code/Projects/memory_meds/node_modules/typescript/lib/lib.es5.d.ts","/Users/luis/Code/Projects/memory_meds/node_modules/typescript/lib/lib.es2015.d.ts","/Users/luis/Code/Projects/memory_meds/node_modules/typescript/lib/lib.es2016.d.ts","/Users/luis/Code/Projects/memory_meds/node_modules/typescript/lib/lib.dom.d.ts","/Users/luis/Code/Projects/memory_meds/node_modules/typescript/lib/lib.dom.iterable.d.ts","/Users/luis/Code/Projects/memory_meds/node_modules/typescript/lib/lib.webworker.importscripts.d.ts","/Users/luis/Code/Projects/memory_meds/node_modules/typescript/lib/lib.scripthost.d.ts","/Users/luis/Code/Projects/memory_meds/node_modules/typescript/lib/lib.es2015.core.d.ts","/Users/luis/Code/Projects/memory_meds/node_modules/typescript/lib/lib.es2015.collection.d.ts","/Users/luis/Code/Projects/memory_meds/node_modules/typescript/lib/lib.es2015.generator.d.ts","/Users/luis/Code/Projects/memory_meds/node_modules/typescript/lib/lib.es2015.iterable.d.ts","/Users/luis/Code/Projects/memory_meds/node_modules/typescript/lib/lib.es2015.promise.d.ts","/Users/luis/Code/Projects/memory_meds/node_modules/typescript/lib/lib.es2015.proxy.d.ts","/Users/luis/Code/Projects/memory_meds/node_modules/typescript/lib/lib.es2015.reflect.d.ts","/Users/luis/Code/Projects/memory_meds/node_modules/typescript/lib/lib.es2015.symbol.d.ts","/Users/luis/Code/Projects/memory_meds/node_modules/typescript/lib/lib.es2015.symbol.wellknown.d.ts","/Users/luis/Code/Projects/memory_meds/node_modules/typescript/lib/lib.es2016.array.include.d.ts","/Users/luis/Code/Projects/memory_meds/node_modules/typescript/lib/lib.es2016.full.d.ts","/Users/luis/Code/Projects/memory_meds/src/App.js","/Users/luis/Code/Projects/memory_meds/src/reportWebVitals.js","/Users/luis/Code/Projects/memory_meds/src/index.js"],"compilerOptions":{"module":1,"target":3,"jsx":1,"allowJs":true,"allowSyntheticDefaultImports":true,"allowNonTsExtensions":true,"noEmitForJsFiles":true,"maxNodeModuleJsDepth":2},"typeAcquisition":{"enable":true,"include":[],"exclude":[]},"unresolvedImports":["th.jpeg"],"projectRootPath":"/Users/luis/Code/Projects/memory_meds/src","kind":"discover"}
[17:05:16.943] Explicitly included types: []
[17:05:16.943] Inferred typings from unresolved imports: ["th.jpeg"]
[17:05:16.943] Result: {"cachedTypingPaths":[],"newTypingNames":["th.jpeg"],"filesToWatch":["/Users/luis/Code/Projects/memory_meds/src/bower_components","/Users/luis/Code/Projects/memory_meds/src/node_modules"]}
[17:05:16.943] Finished typings discovery: {"cachedTypingPaths":[],"newTypingNames":["th.jpeg"],"filesToWatch":["/Users/luis/Code/Projects/memory_meds/src/bower_components","/Users/luis/Code/Projects/memory_meds/src/node_modules"]}
[17:05:16.944] Installing typings ["th.jpeg"]
[17:05:16.944] 'th.jpeg':: Entry for package 'th.jpeg' does not exist in local types registry - skipping...
[17:05:16.944] All typings are known to be missing or invalid - no need to install more typings
[17:05:16.944] Sending response:
    {"projectName":"/dev/null/inferredProject2*","typeAcquisition":{"enable":true,"include":[],"exclude":[]},"compilerOptions":{"module":1,"target":3,"jsx":1,"allowJs":true,"allowSyntheticDefaultImports":true,"allowNonTsExtensions":true,"noEmitForJsFiles":true,"maxNodeModuleJsDepth":2},"typings":[],"unresolvedImports":["th.jpeg"],"kind":"action::set"}
[17:05:16.944] Response has been sent.
[17:05:16.975] Got install request {"projectName":"/dev/null/inferredProject2*","fileNames":["/Users/luis/Code/Projects/memory_meds/node_modules/typescript/lib/lib.es5.d.ts","/Users/luis/Code/Projects/memory_meds/node_modules/typescript/lib/lib.es2015.d.ts","/Users/luis/Code/Projects/memory_meds/node_modules/typescript/lib/lib.es2016.d.ts","/Users/luis/Code/Projects/memory_meds/node_modules/typescript/lib/lib.dom.d.ts","/Users/luis/Code/Projects/memory_meds/node_modules/typescript/lib/lib.dom.iterable.d.ts","/Users/luis/Code/Projects/memory_meds/node_modules/typescript/lib/lib.webworker.importscripts.d.ts","/Users/luis/Code/Projects/memory_meds/node_modules/typescript/lib/lib.scripthost.d.ts","/Users/luis/Code/Projects/memory_meds/node_modules/typescript/lib/lib.es2015.core.d.ts","/Users/luis/Code/Projects/memory_meds/node_modules/typescript/lib/lib.es2015.collection.d.ts","/Users/luis/Code/Projects/memory_meds/node_modules/typescript/lib/lib.es2015.generator.d.ts","/Users/luis/Code/Projects/memory_meds/node_modules/typescript/lib/lib.es2015.iterable.d.ts","/Users/luis/Code/Projects/memory_meds/node_modules/typescript/lib/lib.es2015.promise.d.ts","/Users/luis/Code/Projects/memory_meds/node_modules/typescript/lib/lib.es2015.proxy.d.ts","/Users/luis/Code/Projects/memory_meds/node_modules/typescript/lib/lib.es2015.reflect.d.ts","/Users/luis/Code/Projects/memory_meds/node_modules/typescript/lib/lib.es2015.symbol.d.ts","/Users/luis/Code/Projects/memory_meds/node_modules/typescript/lib/lib.es2015.symbol.wellknown.d.ts","/Users/luis/Code/Projects/memory_meds/node_modules/typescript/lib/lib.es2016.array.include.d.ts","/Users/luis/Code/Projects/memory_meds/node_modules/typescript/lib/lib.es2016.full.d.ts","/Users/luis/Code/Projects/memory_meds/src/App.js","/Users/luis/Code/Projects/memory_meds/src/reportWebVitals.js","/Users/luis/Code/Projects/memory_meds/src/index.js"],"compilerOptions":{"module":1,"target":3,"jsx":1,"allowJs":true,"allowSyntheticDefaultImports":true,"allowNonTsExtensions":true,"noEmitForJsFiles":true,"maxNodeModuleJsDepth":2},"typeAcquisition":{"enable":true,"include":[],"exclude":[]},"unresolvedImports":["th.jpegj"],"projectRootPath":"/Users/luis/Code/Projects/memory_meds/src","kind":"discover"}
[17:05:16.975] Explicitly included types: []
[17:05:16.975] Inferred typings from unresolved imports: ["th.jpegj"]
[17:05:16.975] Result: {"cachedTypingPaths":[],"newTypingNames":["th.jpegj"],"filesToWatch":["/Users/luis/Code/Projects/memory_meds/src/bower_components","/Users/luis/Code/Projects/memory_meds/src/node_modules"]}
[17:05:16.975] Finished typings discovery: {"cachedTypingPaths":[],"newTypingNames":["th.jpegj"],"filesToWatch":["/Users/luis/Code/Projects/memory_meds/src/bower_components","/Users/luis/Code/Projects/memory_meds/src/node_modules"]}
[17:05:16.976] Installing typings ["th.jpegj"]
[17:05:16.976] 'th.jpegj':: Entry for package 'th.jpegj' does not exist in local types registry - skipping...
[17:05:16.976] All typings are known to be missing or invalid - no need to install more typings
[17:05:16.976] Sending response:
    {"projectName":"/dev/null/inferredProject2*","typeAcquisition":{"enable":true,"include":[],"exclude":[]},"compilerOptions":{"module":1,"target":3,"jsx":1,"allowJs":true,"allowSyntheticDefaultImports":true,"allowNonTsExtensions":true,"noEmitForJsFiles":true,"maxNodeModuleJsDepth":2},"typings":[],"unresolvedImports":["th.jpegj"],"kind":"action::set"}
[17:05:16.976] Response has been sent.
[17:05:17.204] Got install request {"projectName":"/dev/null/inferredProject2*","fileNames":["/Users/luis/Code/Projects/memory_meds/node_modules/typescript/lib/lib.es5.d.ts","/Users/luis/Code/Projects/memory_meds/node_modules/typescript/lib/lib.es2015.d.ts","/Users/luis/Code/Projects/memory_meds/node_modules/typescript/lib/lib.es2016.d.ts","/Users/luis/Code/Projects/memory_meds/node_modules/typescript/lib/lib.dom.d.ts","/Users/luis/Code/Projects/memory_meds/node_modules/typescript/lib/lib.dom.iterable.d.ts","/Users/luis/Code/Projects/memory_meds/node_modules/typescript/lib/lib.webworker.importscripts.d.ts","/Users/luis/Code/Projects/memory_meds/node_modules/typescript/lib/lib.scripthost.d.ts","/Users/luis/Code/Projects/memory_meds/node_modules/typescript/lib/lib.es2015.core.d.ts","/Users/luis/Code/Projects/memory_meds/node_modules/typescript/lib/lib.es2015.collection.d.ts","/Users/luis/Code/Projects/memory_meds/node_modules/typescript/lib/lib.es2015.generator.d.ts","/Users/luis/Code/Projects/memory_meds/node_modules/typescript/lib/lib.es2015.iterable.d.ts","/Users/luis/Code/Projects/memory_meds/node_modules/typescript/lib/lib.es2015.promise.d.ts","/Users/luis/Code/Projects/memory_meds/node_modules/typescript/lib/lib.es2015.proxy.d.ts","/Users/luis/Code/Projects/memory_meds/node_modules/typescript/lib/lib.es2015.reflect.d.ts","/Users/luis/Code/Projects/memory_meds/node_modules/typescript/lib/lib.es2015.symbol.d.ts","/Users/luis/Code/Projects/memory_meds/node_modules/typescript/lib/lib.es2015.symbol.wellknown.d.ts","/Users/luis/Code/Projects/memory_meds/node_modules/typescript/lib/lib.es2016.array.include.d.ts","/Users/luis/Code/Projects/memory_meds/node_modules/typescript/lib/lib.es2016.full.d.ts","/Users/luis/Code/Projects/memory_meds/src/App.js","/Users/luis/Code/Projects/memory_meds/src/reportWebVitals.js","/Users/luis/Code/Projects/memory_meds/src/index.js"],"compilerOptions":{"module":1,"target":3,"jsx":1,"allowJs":true,"allowSyntheticDefaultImports":true,"allowNonTsExtensions":true,"noEmitForJsFiles":true,"maxNodeModuleJsDepth":2},"typeAcquisition":{"enable":true,"include":[],"exclude":[]},"unresolvedImports":["th.jpeg"],"projectRootPath":"/Users/luis/Code/Projects/memory_meds/src","kind":"discover"}
[17:05:17.205] Explicitly included types: []
[17:05:17.205] Inferred typings from unresolved imports: ["th.jpeg"]
[17:05:17.205] Result: {"cachedTypingPaths":[],"newTypingNames":["th.jpeg"],"filesToWatch":["/Users/luis/Code/Projects/memory_meds/src/bower_components","/Users/luis/Code/Projects/memory_meds/src/node_modules"]}
[17:05:17.205] Finished typings discovery: {"cachedTypingPaths":[],"newTypingNames":["th.jpeg"],"filesToWatch":["/Users/luis/Code/Projects/memory_meds/src/bower_components","/Users/luis/Code/Projects/memory_meds/src/node_modules"]}
[17:05:17.205] Installing typings ["th.jpeg"]
[17:05:17.206] 'th.jpeg':: Entry for package 'th.jpeg' does not exist in local types registry - skipping...
[17:05:17.206] All typings are known to be missing or invalid - no need to install more typings
[17:05:17.206] Sending response:
    {"projectName":"/dev/null/inferredProject2*","typeAcquisition":{"enable":true,"include":[],"exclude":[]},"compilerOptions":{"module":1,"target":3,"jsx":1,"allowJs":true,"allowSyntheticDefaultImports":true,"allowNonTsExtensions":true,"noEmitForJsFiles":true,"maxNodeModuleJsDepth":2},"typings":[],"unresolvedImports":["th.jpeg"],"kind":"action::set"}
[17:05:17.206] Response has been sent.
[17:08:10.730] Got install request {"projectName":"/dev/null/inferredProject2*","fileNames":["/Users/luis/Code/Projects/memory_meds/node_modules/typescript/lib/lib.es5.d.ts","/Users/luis/Code/Projects/memory_meds/node_modules/typescript/lib/lib.es2015.d.ts","/Users/luis/Code/Projects/memory_meds/node_modules/typescript/lib/lib.es2016.d.ts","/Users/luis/Code/Projects/memory_meds/node_modules/typescript/lib/lib.dom.d.ts","/Users/luis/Code/Projects/memory_meds/node_modules/typescript/lib/lib.dom.iterable.d.ts","/Users/luis/Code/Projects/memory_meds/node_modules/typescript/lib/lib.webworker.importscripts.d.ts","/Users/luis/Code/Projects/memory_meds/node_modules/typescript/lib/lib.scripthost.d.ts","/Users/luis/Code/Projects/memory_meds/node_modules/typescript/lib/lib.es2015.core.d.ts","/Users/luis/Code/Projects/memory_meds/node_modules/typescript/lib/lib.es2015.collection.d.ts","/Users/luis/Code/Projects/memory_meds/node_modules/typescript/lib/lib.es2015.generator.d.ts","/Users/luis/Code/Projects/memory_meds/node_modules/typescript/lib/lib.es2015.iterable.d.ts","/Users/luis/Code/Projects/memory_meds/node_modules/typescript/lib/lib.es2015.promise.d.ts","/Users/luis/Code/Projects/memory_meds/node_modules/typescript/lib/lib.es2015.proxy.d.ts","/Users/luis/Code/Projects/memory_meds/node_modules/typescript/lib/lib.es2015.reflect.d.ts","/Users/luis/Code/Projects/memory_meds/node_modules/typescript/lib/lib.es2015.symbol.d.ts","/Users/luis/Code/Projects/memory_meds/node_modules/typescript/lib/lib.es2015.symbol.wellknown.d.ts","/Users/luis/Code/Projects/memory_meds/node_modules/typescript/lib/lib.es2016.array.include.d.ts","/Users/luis/Code/Projects/memory_meds/node_modules/typescript/lib/lib.es2016.full.d.ts","/Users/luis/Code/Projects/memory_meds/src/App.js","/Users/luis/Code/Projects/memory_meds/src/reportWebVitals.js","/Users/luis/Code/Projects/memory_meds/src/index.js"],"compilerOptions":{"module":1,"target":3,"jsx":1,"allowJs":true,"allowSyntheticDefaultImports":true,"allowNonTsExtensions":true,"noEmitForJsFiles":true,"maxNodeModuleJsDepth":2},"typeAcquisition":{"enable":true,"include":[],"exclude":[]},"unresolvedImports":[],"projectRootPath":"/Users/luis/Code/Projects/memory_meds/src","kind":"discover"}
[17:08:10.731] Explicitly included types: []
[17:08:10.731] Inferred typings from unresolved imports: []
[17:08:10.731] Result: {"cachedTypingPaths":[],"newTypingNames":[],"filesToWatch":["/Users/luis/Code/Projects/memory_meds/src/bower_components","/Users/luis/Code/Projects/memory_meds/src/node_modules"]}
[17:08:10.731] Finished typings discovery: {"cachedTypingPaths":[],"newTypingNames":[],"filesToWatch":["/Users/luis/Code/Projects/memory_meds/src/bower_components","/Users/luis/Code/Projects/memory_meds/src/node_modules"]}
[17:08:10.732] Sending response:
    {"projectName":"/dev/null/inferredProject2*","typeAcquisition":{"enable":true,"include":[],"exclude":[]},"compilerOptions":{"module":1,"target":3,"jsx":1,"allowJs":true,"allowSyntheticDefaultImports":true,"allowNonTsExtensions":true,"noEmitForJsFiles":true,"maxNodeModuleJsDepth":2},"typings":[],"unresolvedImports":[],"kind":"action::set"}
[17:08:10.732] Response has been sent.
[17:08:10.732] No new typings were requested as a result of typings discovery
[17:08:11.607] Got install request {"projectName":"/dev/null/inferredProject2*","fileNames":["/Users/luis/Code/Projects/memory_meds/node_modules/typescript/lib/lib.es5.d.ts","/Users/luis/Code/Projects/memory_meds/node_modules/typescript/lib/lib.es2015.d.ts","/Users/luis/Code/Projects/memory_meds/node_modules/typescript/lib/lib.es2016.d.ts","/Users/luis/Code/Projects/memory_meds/node_modules/typescript/lib/lib.dom.d.ts","/Users/luis/Code/Projects/memory_meds/node_modules/typescript/lib/lib.dom.iterable.d.ts","/Users/luis/Code/Projects/memory_meds/node_modules/typescript/lib/lib.webworker.importscripts.d.ts","/Users/luis/Code/Projects/memory_meds/node_modules/typescript/lib/lib.scripthost.d.ts","/Users/luis/Code/Projects/memory_meds/node_modules/typescript/lib/lib.es2015.core.d.ts","/Users/luis/Code/Projects/memory_meds/node_modules/typescript/lib/lib.es2015.collection.d.ts","/Users/luis/Code/Projects/memory_meds/node_modules/typescript/lib/lib.es2015.generator.d.ts","/Users/luis/Code/Projects/memory_meds/node_modules/typescript/lib/lib.es2015.iterable.d.ts","/Users/luis/Code/Projects/memory_meds/node_modules/typescript/lib/lib.es2015.promise.d.ts","/Users/luis/Code/Projects/memory_meds/node_modules/typescript/lib/lib.es2015.proxy.d.ts","/Users/luis/Code/Projects/memory_meds/node_modules/typescript/lib/lib.es2015.reflect.d.ts","/Users/luis/Code/Projects/memory_meds/node_modules/typescript/lib/lib.es2015.symbol.d.ts","/Users/luis/Code/Projects/memory_meds/node_modules/typescript/lib/lib.es2015.symbol.wellknown.d.ts","/Users/luis/Code/Projects/memory_meds/node_modules/typescript/lib/lib.es2016.array.include.d.ts","/Users/luis/Code/Projects/memory_meds/node_modules/typescript/lib/lib.es2016.full.d.ts","/Users/luis/Code/Projects/memory_meds/src/App.js","/Users/luis/Code/Projects/memory_meds/src/reportWebVitals.js","/Users/luis/Code/Projects/memory_meds/src/index.js"],"compilerOptions":{"module":1,"target":3,"jsx":1,"allowJs":true,"allowSyntheticDefaultImports":true,"allowNonTsExtensions":true,"noEmitForJsFiles":true,"maxNodeModuleJsDepth":2},"typeAcquisition":{"enable":true,"include":[],"exclude":[]},"unresolvedImports":["th.jpeg"],"projectRootPath":"/Users/luis/Code/Projects/memory_meds/src","kind":"discover"}
[17:08:11.607] Explicitly included types: []
[17:08:11.607] Inferred typings from unresolved imports: ["th.jpeg"]
[17:08:11.607] Result: {"cachedTypingPaths":[],"newTypingNames":["th.jpeg"],"filesToWatch":["/Users/luis/Code/Projects/memory_meds/src/bower_components","/Users/luis/Code/Projects/memory_meds/src/node_modules"]}
[17:08:11.608] Finished typings discovery: {"cachedTypingPaths":[],"newTypingNames":["th.jpeg"],"filesToWatch":["/Users/luis/Code/Projects/memory_meds/src/bower_components","/Users/luis/Code/Projects/memory_meds/src/node_modules"]}
[17:08:11.608] Installing typings ["th.jpeg"]
[17:08:11.608] 'th.jpeg':: Entry for package 'th.jpeg' does not exist in local types registry - skipping...
[17:08:11.608] All typings are known to be missing or invalid - no need to install more typings
[17:08:11.608] Sending response:
    {"projectName":"/dev/null/inferredProject2*","typeAcquisition":{"enable":true,"include":[],"exclude":[]},"compilerOptions":{"module":1,"target":3,"jsx":1,"allowJs":true,"allowSyntheticDefaultImports":true,"allowNonTsExtensions":true,"noEmitForJsFiles":true,"maxNodeModuleJsDepth":2},"typings":[],"unresolvedImports":["th.jpeg"],"kind":"action::set"}
[17:08:11.608] Response has been sent.
[17:08:12.124] Got install request {"projectName":"/dev/null/inferredProject2*","fileNames":["/Users/luis/Code/Projects/memory_meds/node_modules/typescript/lib/lib.es5.d.ts","/Users/luis/Code/Projects/memory_meds/node_modules/typescript/lib/lib.es2015.d.ts","/Users/luis/Code/Projects/memory_meds/node_modules/typescript/lib/lib.es2016.d.ts","/Users/luis/Code/Projects/memory_meds/node_modules/typescript/lib/lib.dom.d.ts","/Users/luis/Code/Projects/memory_meds/node_modules/typescript/lib/lib.dom.iterable.d.ts","/Users/luis/Code/Projects/memory_meds/node_modules/typescript/lib/lib.webworker.importscripts.d.ts","/Users/luis/Code/Projects/memory_meds/node_modules/typescript/lib/lib.scripthost.d.ts","/Users/luis/Code/Projects/memory_meds/node_modules/typescript/lib/lib.es2015.core.d.ts","/Users/luis/Code/Projects/memory_meds/node_modules/typescript/lib/lib.es2015.collection.d.ts","/Users/luis/Code/Projects/memory_meds/node_modules/typescript/lib/lib.es2015.generator.d.ts","/Users/luis/Code/Projects/memory_meds/node_modules/typescript/lib/lib.es2015.iterable.d.ts","/Users/luis/Code/Projects/memory_meds/node_modules/typescript/lib/lib.es2015.promise.d.ts","/Users/luis/Code/Projects/memory_meds/node_modules/typescript/lib/lib.es2015.proxy.d.ts","/Users/luis/Code/Projects/memory_meds/node_modules/typescript/lib/lib.es2015.reflect.d.ts","/Users/luis/Code/Projects/memory_meds/node_modules/typescript/lib/lib.es2015.symbol.d.ts","/Users/luis/Code/Projects/memory_meds/node_modules/typescript/lib/lib.es2015.symbol.wellknown.d.ts","/Users/luis/Code/Projects/memory_meds/node_modules/typescript/lib/lib.es2016.array.include.d.ts","/Users/luis/Code/Projects/memory_meds/node_modules/typescript/lib/lib.es2016.full.d.ts","/Users/luis/Code/Projects/memory_meds/src/App.js","/Users/luis/Code/Projects/memory_meds/src/reportWebVitals.js","/Users/luis/Code/Projects/memory_meds/src/index.js"],"compilerOptions":{"module":1,"target":3,"jsx":1,"allowJs":true,"allowSyntheticDefaultImports":true,"allowNonTsExtensions":true,"noEmitForJsFiles":true,"maxNodeModuleJsDepth":2},"typeAcquisition":{"enable":true,"include":[],"exclude":[]},"unresolvedImports":[],"projectRootPath":"/Users/luis/Code/Projects/memory_meds/src","kind":"discover"}
[17:08:12.124] Explicitly included types: []
[17:08:12.125] Inferred typings from unresolved imports: []
[17:08:12.125] Result: {"cachedTypingPaths":[],"newTypingNames":[],"filesToWatch":["/Users/luis/Code/Projects/memory_meds/src/bower_components","/Users/luis/Code/Projects/memory_meds/src/node_modules"]}
[17:08:12.125] Finished typings discovery: {"cachedTypingPaths":[],"newTypingNames":[],"filesToWatch":["/Users/luis/Code/Projects/memory_meds/src/bower_components","/Users/luis/Code/Projects/memory_meds/src/node_modules"]}
[17:08:12.126] Sending response:
    {"projectName":"/dev/null/inferredProject2*","typeAcquisition":{"enable":true,"include":[],"exclude":[]},"compilerOptions":{"module":1,"target":3,"jsx":1,"allowJs":true,"allowSyntheticDefaultImports":true,"allowNonTsExtensions":true,"noEmitForJsFiles":true,"maxNodeModuleJsDepth":2},"typings":[],"unresolvedImports":[],"kind":"action::set"}
[17:08:12.126] Response has been sent.
[17:08:12.126] No new typings were requested as a result of typings discovery
[17:11:12.650] Got install request {"projectName":"/dev/null/inferredProject2*","fileNames":["/Users/luis/Code/Projects/memory_meds/node_modules/typescript/lib/lib.es5.d.ts","/Users/luis/Code/Projects/memory_meds/node_modules/typescript/lib/lib.es2015.d.ts","/Users/luis/Code/Projects/memory_meds/node_modules/typescript/lib/lib.es2016.d.ts","/Users/luis/Code/Projects/memory_meds/node_modules/typescript/lib/lib.dom.d.ts","/Users/luis/Code/Projects/memory_meds/node_modules/typescript/lib/lib.dom.iterable.d.ts","/Users/luis/Code/Projects/memory_meds/node_modules/typescript/lib/lib.webworker.importscripts.d.ts","/Users/luis/Code/Projects/memory_meds/node_modules/typescript/lib/lib.scripthost.d.ts","/Users/luis/Code/Projects/memory_meds/node_modules/typescript/lib/lib.es2015.core.d.ts","/Users/luis/Code/Projects/memory_meds/node_modules/typescript/lib/lib.es2015.collection.d.ts","/Users/luis/Code/Projects/memory_meds/node_modules/typescript/lib/lib.es2015.generator.d.ts","/Users/luis/Code/Projects/memory_meds/node_modules/typescript/lib/lib.es2015.iterable.d.ts","/Users/luis/Code/Projects/memory_meds/node_modules/typescript/lib/lib.es2015.promise.d.ts","/Users/luis/Code/Projects/memory_meds/node_modules/typescript/lib/lib.es2015.proxy.d.ts","/Users/luis/Code/Projects/memory_meds/node_modules/typescript/lib/lib.es2015.reflect.d.ts","/Users/luis/Code/Projects/memory_meds/node_modules/typescript/lib/lib.es2015.symbol.d.ts","/Users/luis/Code/Projects/memory_meds/node_modules/typescript/lib/lib.es2015.symbol.wellknown.d.ts","/Users/luis/Code/Projects/memory_meds/node_modules/typescript/lib/lib.es2016.array.include.d.ts","/Users/luis/Code/Projects/memory_meds/node_modules/typescript/lib/lib.es2016.full.d.ts","/Users/luis/Code/Projects/memory_meds/src/App.js"],"compilerOptions":{"module":1,"target":3,"jsx":1,"allowJs":true,"allowSyntheticDefaultImports":true,"allowNonTsExtensions":true,"noEmitForJsFiles":true,"maxNodeModuleJsDepth":2},"typeAcquisition":{"enable":true,"include":[],"exclude":[]},"unresolvedImports":[],"projectRootPath":"/Users/luis/Code/Projects/memory_meds/src","kind":"discover"}
[17:11:12.651] Explicitly included types: []
[17:11:12.652] Inferred typings from unresolved imports: []
[17:11:12.652] Result: {"cachedTypingPaths":[],"newTypingNames":[],"filesToWatch":["/Users/luis/Code/Projects/memory_meds/src/bower_components","/Users/luis/Code/Projects/memory_meds/src/node_modules"]}
[17:11:12.652] Finished typings discovery: {"cachedTypingPaths":[],"newTypingNames":[],"filesToWatch":["/Users/luis/Code/Projects/memory_meds/src/bower_components","/Users/luis/Code/Projects/memory_meds/src/node_modules"]}
[17:11:12.652] Sending response:
    {"projectName":"/dev/null/inferredProject2*","typeAcquisition":{"enable":true,"include":[],"exclude":[]},"compilerOptions":{"module":1,"target":3,"jsx":1,"allowJs":true,"allowSyntheticDefaultImports":true,"allowNonTsExtensions":true,"noEmitForJsFiles":true,"maxNodeModuleJsDepth":2},"typings":[],"unresolvedImports":[],"kind":"action::set"}
[17:11:12.653] Response has been sent.
[17:11:12.653] No new typings were requested as a result of typings discovery
